build/intermediates/manifest_merge_blame_file/debug/manifest-merger-blame-debug-report.txt
1<?xml version="1.0" encoding="utf-8"?>
2<manifest xmlns:android="http://schemas.android.com/apk/res/android"
3    package="com.amazonaws.demo.s3transferutility"
4    android:versionCode="1"
5    android:versionName="1.0.0" >
6
7    <uses-sdk
8        android:minSdkVersion="23"
8-->workplace/aws-sdk-android-samples/AndroidManifest.xml
9        android:targetSdkVersion="28" />
9-->workplace/aws-sdk-android-samples/AndroidManifest.xml
10
11    <uses-permission android:name="android.permission.INTERNET" />
11-->workplace/aws-sdk-android-samples/AndroidManifest.xml:6:5-67
11-->workplace/aws-sdk-android-samples/AndroidManifest.xml:6:22-64
12    <uses-permission android:name="android.permission.ACCESS_NETWORK_STATE" />
12-->workplace/aws-sdk-android-samples/AndroidManifest.xml:7:5-79
12-->workplace/aws-sdk-android-samples/AndroidManifest.xml:7:22-76
13    <uses-permission android:name="android.permission.READ_EXTERNAL_STORAGE" />
13-->workplace/aws-sdk-android-samples/AndroidManifest.xml:10:5-80
13-->workplace/aws-sdk-android-samples/AndroidManifest.xml:10:22-77
14    <uses-permission android:name="android.permission.WRITE_EXTERNAL_STORAGE" />
14-->workplace/aws-sdk-android-samples/AndroidManifest.xml:11:5-81
14-->workplace/aws-sdk-android-samples/AndroidManifest.xml:11:22-78
15
16    <application
16-->workplace/aws-sdk-android-samples/AndroidManifest.xml:13:5-42:19
17        android:name="com.amazonaws.demo.s3transferutility.MyApplication"
17-->workplace/aws-sdk-android-samples/AndroidManifest.xml:14:9-38
18        android:allowBackup="true"
18-->workplace/aws-sdk-android-samples/AndroidManifest.xml:15:9-35
19        android:appComponentFactory="android.support.v4.app.CoreComponentFactory"
19-->[com.android.support:support-compat:28.0.0] AndroidManifest.xml:22:18-91
20        android:debuggable="true"
21        android:icon="@drawable/ic_launcher"
21-->workplace/aws-sdk-android-samples/AndroidManifest.xml:16:9-45
22        android:label="@string/app_name" >
22-->workplace/aws-sdk-android-samples/AndroidManifest.xml:17:9-41
23        <activity android:name="com.amazonaws.demo.s3transferutility.MainActivity" >
23-->workplace/aws-sdk-android-samples/AndroidManifest.xml:18:9-24:20
23-->workplace/aws-sdk-android-samples/AndroidManifest.xml:18:19-83
24            <intent-filter>
24-->workplace/aws-sdk-android-samples/AndroidManifest.xml:19:13-23:29
25                <action android:name="android.intent.action.MAIN" />
25-->workplace/aws-sdk-android-samples/AndroidManifest.xml:20:17-69
25-->workplace/aws-sdk-android-samples/AndroidManifest.xml:20:25-66
26
27                <category android:name="android.intent.category.LAUNCHER" />
27-->workplace/aws-sdk-android-samples/AndroidManifest.xml:22:17-77
27-->workplace/aws-sdk-android-samples/AndroidManifest.xml:22:27-74
28            </intent-filter>
29        </activity>
30        <activity
30-->workplace/aws-sdk-android-samples/AndroidManifest.xml:25:9-27:57
31            android:name="com.amazonaws.demo.s3transferutility.DownloadActivity"
31-->workplace/aws-sdk-android-samples/AndroidManifest.xml:26:13-81
32            android:label="@string/download_activity" />
32-->workplace/aws-sdk-android-samples/AndroidManifest.xml:27:13-54
33        <activity
33-->workplace/aws-sdk-android-samples/AndroidManifest.xml:28:9-30:55
34            android:name="com.amazonaws.demo.s3transferutility.UploadActivity"
34-->workplace/aws-sdk-android-samples/AndroidManifest.xml:29:13-79
35            android:label="@string/upload_activity" />
35-->workplace/aws-sdk-android-samples/AndroidManifest.xml:30:13-52
36        <activity
36-->workplace/aws-sdk-android-samples/AndroidManifest.xml:31:9-33:67
37            android:name="com.amazonaws.demo.s3transferutility.DownloadSelectionActivity"
37-->workplace/aws-sdk-android-samples/AndroidManifest.xml:32:13-90
38            android:label="@string/download_selection_activity" />
38-->workplace/aws-sdk-android-samples/AndroidManifest.xml:33:13-64
39
40        <service
40-->workplace/aws-sdk-android-samples/AndroidManifest.xml:35:9-37:38
41            android:name="com.amazonaws.mobileconnectors.s3.transferutility.TransferService"
41-->workplace/aws-sdk-android-samples/AndroidManifest.xml:36:13-93
42            android:enabled="true" />
42-->workplace/aws-sdk-android-samples/AndroidManifest.xml:37:13-35
43        <service
43-->workplace/aws-sdk-android-samples/AndroidManifest.xml:39:9-41:38
44            android:name="com.amazonaws.demo.s3transferutility.MyService"
44-->workplace/aws-sdk-android-samples/AndroidManifest.xml:40:13-38
45            android:enabled="true" />
45-->workplace/aws-sdk-android-samples/AndroidManifest.xml:41:13-35
46    </application>
47
48</manifest>